  dll.cpp
  dll_image.cpp
  autowall.cpp
  new_autowall.cpp
  slowwalk.cpp
  grenade_warning.cpp
  AnimationSync.cpp
  animation_system.cpp
  LagComp.cpp
  local_animations.cpp
  resolver.cpp
  setup_bones.cpp
  backtrack.cpp
  legitbot.cpp
  menu_alpha.cpp
  airstrafe.cpp
  bunnyhop.cpp
  fakelag.cpp
  key_binds.cpp
  logs.cpp
  misc.cpp
  prediction_system.cpp
  ShotSystem.cpp
  simulation.cpp
  spammers.cpp
  walk_bot.cpp
  atomic_lock.cpp
  Multithread.cpp
  mutex.cpp
  packed_heap.cpp
  semaphores.cpp
  shared_mutex.cpp
  GameData.cpp
  PostProccessing.cpp
  EnginePrediction.cpp
  aim.cpp
  antiaim.cpp
  knifebot.cpp
  ray_tracer.cpp
  zeusbot.cpp
  tickbase_shift.cpp
  bullet_tracers.cpp
  dormant_esp.cpp
  GrenadePrediction.cpp
  hitchams.cpp
  nightmode.cpp
  other_esp.cpp
  player_esp.cpp
  world_esp.cpp
  configs.cpp
  DiscordRpc.cpp
  connection_win.cpp
  discord_register_win.cpp
  discord_rpc.cpp
  rpc_connection.cpp
  serialization.cpp
  hooks.cpp
  hooked_beginframe.cpp
  hooked_createmove.cpp
  hooked_dme.cpp
  hooked_drawfog.cpp
  hooked_events.cpp
  hooked_findmdl.cpp
  hooked_fsn.cpp
  hooked_getmaterial.cpp
  hooked_ishltv.cpp
  hooked_listleavesinbox.cpp
  hooked_lockcursor.cpp
  hooked_overrideview.cpp
  hooked_painttraverse.cpp
  hooked_postscreeneffects.cpp
  hooked_runcommand.cpp
  hooked_sceneend.cpp
  hooked_senddatagram.cpp
  hooked_player.cpp
  hooked_isconnected.cpp
  hooked_trace.cpp
  Render.cpp
  vfunc_hook.cpp
  code_editor.cpp
  imgui.cpp
  imgui_demo.cpp
  imgui_draw.cpp
  imgui_freetype.cpp
  imgui_impl_dx9.cpp
  imgui_impl_win32.cpp
  imgui_widgets.cpp
  Clua.cpp
  CLuaHook.cpp
  main.cpp
  item_definitions.cpp
  SkinChanger.cpp
  Platform.cpp
  custom_sounds.cpp
  Vector2D.cpp
  Vector4D.cpp
  VMatrix.cpp
  Memory.cpp
  characterset.cpp
  checksum_crc.cpp
  checksum_md5.cpp
  Color.cpp
  Convar.cpp
  threadtools.cpp
  UtlBuffer.cpp
  UtlString.cpp
  structs.cpp
  csgo.cpp
  ctx.cpp
  draw_manager.cpp
  math.cpp
  md5.cpp
  netmanager.cpp
  recv.cpp
  sha-256.cpp
  threadmanager.cpp
  twofish.cpp
  util.cpp
  lapi.c
  lauxlib.c
  lbaselib.c
  lcode.c
  lcorolib.c
  lctype.c
  ldblib.c
  ldebug.c
  ldo.c
  ldump.c
  lfunc.c
  lgc.c
  linit.c
  liolib.c
  llex.c
  lmathlib.c
  lmem.c
  loadlib.c
  lobject.c
  lopcodes.c
  loslib.c
  lparser.c
  lstate.c
  lstring.c
  lstrlib.c
  ltable.c
  ltablib.c
  ltm.c
  luac.c
  lundump.c
  lutf8lib.c
  lvm.c
  lzio.c
LINK : warning LNK4075: ignoring '/INCREMENTAL' due to '/LTCG' specification
LINK : warning LNK4098: defaultlib 'LIBCMT' conflicts with use of other libs; use /NODEFAULTLIB:library
  LINK : /LTCG specified but no code generation required; remove /LTCG from the link command line to improve linker performance
  Cheat.vcxproj -> C:\Users\7AMODE\OneDrive\Desktop\laith-legendware-rewrok\build\Win32\Debug\1.dll
