c:\users\7amode\onedrive\desktop\backup old\bin\win32\release\autowall.obj
c:\users\7amode\onedrive\desktop\backup old\bin\win32\release\desynccorrection.obj
c:\users\7amode\onedrive\desktop\backup old\bin\win32\release\bunnyhop.obj
c:\users\7amode\onedrive\desktop\backup old\bin\win32\release\misc.obj
c:\users\7amode\onedrive\desktop\backup old\bin\win32\release\knifebot.obj
c:\users\7amode\onedrive\desktop\backup old\bin\win32\release\dormant_esp.obj
c:\users\7amode\onedrive\desktop\backup old\bin\win32\release\world_esp.obj
c:\users\7amode\onedrive\desktop\backup old\bin\win32\release\hooked_drawfog.obj
c:\users\7amode\onedrive\desktop\backup old\bin\win32\release\hooked_listleavesinbox.obj
c:\users\7amode\onedrive\desktop\backup old\bin\win32\release\hooked_sceneend.obj
c:\users\7amode\onedrive\desktop\backup old\bin\win32\release\render.obj
c:\users\7amode\onedrive\desktop\backup old\bin\win32\release\code_editor.obj
c:\users\7amode\onedrive\desktop\backup old\bin\win32\release\main.obj
c:\users\7amode\onedrive\desktop\backup old\bin\win32\release\checksum_crc.obj
c:\users\7amode\onedrive\desktop\backup old\bin\win32\release\color.obj
c:\users\7amode\onedrive\desktop\backup old\bin\win32\release\utlbuffer.obj
c:\users\7amode\onedrive\desktop\backup old\bin\win32\release\ctx.obj
c:\users\7amode\onedrive\desktop\backup old\bin\win32\release\recv.obj
c:\users\7amode\onedrive\desktop\backup old\bin\win32\release\slowwalk.obj
c:\users\7amode\onedrive\desktop\backup old\bin\win32\release\localanimfix.obj
c:\users\7amode\onedrive\desktop\backup old\bin\win32\release\airstrafe.obj
c:\users\7amode\onedrive\desktop\backup old\bin\win32\release\simulation.obj
c:\users\7amode\onedrive\desktop\backup old\bin\win32\release\ray_tracer.obj
c:\users\7amode\onedrive\desktop\backup old\bin\win32\release\grenadeprediction.obj
c:\users\7amode\onedrive\desktop\backup old\bin\win32\release\configs.obj
c:\users\7amode\onedrive\desktop\backup old\bin\win32\release\hooked_events.obj
c:\users\7amode\onedrive\desktop\backup old\bin\win32\release\hooked_lockcursor.obj
c:\users\7amode\onedrive\desktop\backup old\bin\win32\release\hooked_senddatagram.obj
c:\users\7amode\onedrive\desktop\backup old\bin\win32\release\imgui.obj
c:\users\7amode\onedrive\desktop\backup old\bin\win32\release\item_definitions.obj
c:\users\7amode\onedrive\desktop\backup old\bin\win32\release\skinchanger.obj
c:\users\7amode\onedrive\desktop\backup old\bin\win32\release\convar.obj
c:\users\7amode\onedrive\desktop\backup old\bin\win32\release\math.obj
c:\users\7amode\onedrive\desktop\backup old\bin\win32\release\dll.obj
c:\users\7amode\onedrive\desktop\backup old\bin\win32\release\lagcomp.obj
c:\users\7amode\onedrive\desktop\backup old\bin\win32\release\backtrack.obj
c:\users\7amode\onedrive\desktop\backup old\bin\win32\release\legitbot.obj
c:\users\7amode\onedrive\desktop\backup old\bin\win32\release\logs.obj
c:\users\7amode\onedrive\desktop\backup old\bin\win32\release\mutex.obj
c:\users\7amode\onedrive\desktop\backup old\bin\win32\release\packed_heap.obj
c:\users\7amode\onedrive\desktop\backup old\bin\win32\release\shared_mutex.obj
c:\users\7amode\onedrive\desktop\backup old\bin\win32\release\gamedata.obj
c:\users\7amode\onedrive\desktop\backup old\bin\win32\release\zeusbot.obj
c:\users\7amode\onedrive\desktop\backup old\bin\win32\release\nightmode.obj
c:\users\7amode\onedrive\desktop\backup old\bin\win32\release\rpc_connection.obj
c:\users\7amode\onedrive\desktop\backup old\bin\win32\release\serialization.obj
c:\users\7amode\onedrive\desktop\backup old\bin\win32\release\hooked_beginframe.obj
c:\users\7amode\onedrive\desktop\backup old\bin\win32\release\hooked_findmdl.obj
c:\users\7amode\onedrive\desktop\backup old\bin\win32\release\hooked_overrideview.obj
c:\users\7amode\onedrive\desktop\backup old\bin\win32\release\hooked_player.obj
c:\users\7amode\onedrive\desktop\backup old\bin\win32\release\imgui_demo.obj
c:\users\7amode\onedrive\desktop\backup old\bin\win32\release\imgui_draw.obj
c:\users\7amode\onedrive\desktop\backup old\bin\win32\release\vector2d.obj
c:\users\7amode\onedrive\desktop\backup old\bin\win32\release\vector4d.obj
c:\users\7amode\onedrive\desktop\backup old\bin\win32\release\vmatrix.obj
c:\users\7amode\onedrive\desktop\backup old\bin\win32\release\memory.obj
c:\users\7amode\onedrive\desktop\backup old\bin\win32\release\threadtools.obj
c:\users\7amode\onedrive\desktop\backup old\bin\win32\release\structs.obj
c:\users\7amode\onedrive\desktop\backup old\bin\win32\release\netmanager.obj
c:\users\7amode\onedrive\desktop\backup old\bin\win32\release\dll_image.obj
c:\users\7amode\onedrive\desktop\backup old\bin\win32\release\animationsync.obj
c:\users\7amode\onedrive\desktop\backup old\bin\win32\release\setup_bones.obj
c:\users\7amode\onedrive\desktop\backup old\bin\win32\release\key_binds.obj
c:\users\7amode\onedrive\desktop\backup old\bin\win32\release\spammers.obj
c:\users\7amode\onedrive\desktop\backup old\bin\win32\release\ragebot.obj
c:\users\7amode\onedrive\desktop\backup old\bin\win32\release\hitchams.obj
c:\users\7amode\onedrive\desktop\backup old\bin\win32\release\discordrpc.obj
c:\users\7amode\onedrive\desktop\backup old\bin\win32\release\connection_win.obj
c:\users\7amode\onedrive\desktop\backup old\bin\win32\release\discord_register_win.obj
c:\users\7amode\onedrive\desktop\backup old\bin\win32\release\discord_rpc.obj
c:\users\7amode\onedrive\desktop\backup old\bin\win32\release\hooks.obj
c:\users\7amode\onedrive\desktop\backup old\bin\win32\release\hooked_fsn.obj
c:\users\7amode\onedrive\desktop\backup old\bin\win32\release\hooked_postscreeneffects.obj
c:\users\7amode\onedrive\desktop\backup old\bin\win32\release\hooked_isconnected.obj
c:\users\7amode\onedrive\desktop\backup old\bin\win32\release\imgui_freetype.obj
c:\users\7amode\onedrive\desktop\backup old\bin\win32\release\imgui_widgets.obj
c:\users\7amode\onedrive\desktop\backup old\bin\win32\release\characterset.obj
c:\users\7amode\onedrive\desktop\backup old\bin\win32\release\checksum_md5.obj
c:\users\7amode\onedrive\desktop\backup old\bin\win32\release\utlstring.obj
c:\users\7amode\onedrive\desktop\backup old\bin\win32\release\csgo.obj
c:\users\7amode\onedrive\desktop\backup old\bin\win32\release\md5.obj
c:\users\7amode\onedrive\desktop\backup old\bin\win32\release\sha-256.obj
c:\users\7amode\onedrive\desktop\backup old\bin\win32\release\threadmanager.obj
c:\users\7amode\onedrive\desktop\backup old\bin\win32\release\animation_system.obj
c:\users\7amode\onedrive\desktop\backup old\bin\win32\release\local_animations.obj
c:\users\7amode\onedrive\desktop\backup old\bin\win32\release\menu_alpha.obj
c:\users\7amode\onedrive\desktop\backup old\bin\win32\release\walk_bot.obj
c:\users\7amode\onedrive\desktop\backup old\bin\win32\release\atomic_lock.obj
c:\users\7amode\onedrive\desktop\backup old\bin\win32\release\multithread.obj
c:\users\7amode\onedrive\desktop\backup old\bin\win32\release\semaphores.obj
c:\users\7amode\onedrive\desktop\backup old\bin\win32\release\postproccessing.obj
c:\users\7amode\onedrive\desktop\backup old\bin\win32\release\engineprediction.obj
c:\users\7amode\onedrive\desktop\backup old\bin\win32\release\tickbase_shift.obj
c:\users\7amode\onedrive\desktop\backup old\bin\win32\release\player_esp.obj
c:\users\7amode\onedrive\desktop\backup old\bin\win32\release\hooked_createmove.obj
c:\users\7amode\onedrive\desktop\backup old\bin\win32\release\hooked_ishltv.obj
c:\users\7amode\onedrive\desktop\backup old\bin\win32\release\hooked_runcommand.obj
c:\users\7amode\onedrive\desktop\backup old\bin\win32\release\hooked_trace.obj
c:\users\7amode\onedrive\desktop\backup old\bin\win32\release\imgui_impl_win32.obj
c:\users\7amode\onedrive\desktop\backup old\bin\win32\release\cluahook.obj
c:\users\7amode\onedrive\desktop\backup old\bin\win32\release\platform.obj
c:\users\7amode\onedrive\desktop\backup old\bin\win32\release\custom_sounds.obj
c:\users\7amode\onedrive\desktop\backup old\bin\win32\release\draw_manager.obj
c:\users\7amode\onedrive\desktop\backup old\bin\win32\release\twofish.obj
c:\users\7amode\onedrive\desktop\backup old\bin\win32\release\util.obj
c:\users\7amode\onedrive\desktop\backup old\bin\win32\release\grenade_warning.obj
c:\users\7amode\onedrive\desktop\backup old\bin\win32\release\resolver.obj
c:\users\7amode\onedrive\desktop\backup old\bin\win32\release\fakelag.obj
c:\users\7amode\onedrive\desktop\backup old\bin\win32\release\shotsystem.obj
c:\users\7amode\onedrive\desktop\backup old\bin\win32\release\antiaim.obj
c:\users\7amode\onedrive\desktop\backup old\bin\win32\release\bullet_tracers.obj
c:\users\7amode\onedrive\desktop\backup old\bin\win32\release\other_esp.obj
c:\users\7amode\onedrive\desktop\backup old\bin\win32\release\hooked_dme.obj
c:\users\7amode\onedrive\desktop\backup old\bin\win32\release\hooked_getmaterial.obj
c:\users\7amode\onedrive\desktop\backup old\bin\win32\release\hooked_painttraverse.obj
c:\users\7amode\onedrive\desktop\backup old\bin\win32\release\vfunc_hook.obj
c:\users\7amode\onedrive\desktop\backup old\bin\win32\release\imgui_impl_dx9.obj
c:\users\7amode\onedrive\desktop\backup old\bin\win32\release\clua.obj
c:\users\7amode\onedrive\desktop\backup old\bin\win32\release\vc143.pdb
c:\users\7amode\onedrive\desktop\backup old\bin\win32\release\lauxlib.obj
c:\users\7amode\onedrive\desktop\backup old\bin\win32\release\ldo.obj
c:\users\7amode\onedrive\desktop\backup old\bin\win32\release\lmem.obj
c:\users\7amode\onedrive\desktop\backup old\bin\win32\release\loslib.obj
c:\users\7amode\onedrive\desktop\backup old\bin\win32\release\luac.obj
c:\users\7amode\onedrive\desktop\backup old\bin\win32\release\lapi.obj
c:\users\7amode\onedrive\desktop\backup old\bin\win32\release\lgc.obj
c:\users\7amode\onedrive\desktop\backup old\bin\win32\release\loadlib.obj
c:\users\7amode\onedrive\desktop\backup old\bin\win32\release\lctype.obj
c:\users\7amode\onedrive\desktop\backup old\bin\win32\release\ldblib.obj
c:\users\7amode\onedrive\desktop\backup old\bin\win32\release\linit.obj
c:\users\7amode\onedrive\desktop\backup old\bin\win32\release\lobject.obj
c:\users\7amode\onedrive\desktop\backup old\bin\win32\release\ltable.obj
c:\users\7amode\onedrive\desktop\backup old\bin\win32\release\lundump.obj
c:\users\7amode\onedrive\desktop\backup old\bin\win32\release\lcorolib.obj
c:\users\7amode\onedrive\desktop\backup old\bin\win32\release\ldebug.obj
c:\users\7amode\onedrive\desktop\backup old\bin\win32\release\lmathlib.obj
c:\users\7amode\onedrive\desktop\backup old\bin\win32\release\lparser.obj
c:\users\7amode\onedrive\desktop\backup old\bin\win32\release\ltm.obj
c:\users\7amode\onedrive\desktop\backup old\bin\win32\release\lutf8lib.obj
c:\users\7amode\onedrive\desktop\backup old\bin\win32\release\lbaselib.obj
c:\users\7amode\onedrive\desktop\backup old\bin\win32\release\ldump.obj
c:\users\7amode\onedrive\desktop\backup old\bin\win32\release\llex.obj
c:\users\7amode\onedrive\desktop\backup old\bin\win32\release\lopcodes.obj
c:\users\7amode\onedrive\desktop\backup old\bin\win32\release\lstring.obj
c:\users\7amode\onedrive\desktop\backup old\bin\win32\release\ltablib.obj
c:\users\7amode\onedrive\desktop\backup old\bin\win32\release\lvm.obj
c:\users\7amode\onedrive\desktop\backup old\bin\win32\release\lcode.obj
c:\users\7amode\onedrive\desktop\backup old\bin\win32\release\lfunc.obj
c:\users\7amode\onedrive\desktop\backup old\bin\win32\release\liolib.obj
c:\users\7amode\onedrive\desktop\backup old\bin\win32\release\lstate.obj
c:\users\7amode\onedrive\desktop\backup old\bin\win32\release\lstrlib.obj
c:\users\7amode\onedrive\desktop\backup old\bin\win32\release\lzio.obj
c:\users\7amode\onedrive\desktop\backup old\bin\win32\release\networking.obj
c:\users\7amode\onedrive\desktop\backup old\bin\win32\release\penetration.obj
c:\users\7amode\onedrive\desktop\backup old\bin\win32\release\shots.obj
c:\users\7amode\onedrive\desktop\backup old\build\1.dll
c:\users\7amode\onedrive\desktop\backup old\build\1.map
c:\users\7amode\onedrive\desktop\backup old\build\1.pdb
c:\users\7amode\onedrive\desktop\backup old\bin\win32\release\cheat.vcxproj.filelistabsolute.txt
c:\users\7amode\onedrive\desktop\backup old\bin\win32\release\cheat.tlog\cl.command.1.tlog
c:\users\7amode\onedrive\desktop\backup old\bin\win32\release\cheat.tlog\cl.read.1.tlog
c:\users\7amode\onedrive\desktop\backup old\bin\win32\release\cheat.tlog\cl.write.1.tlog
c:\users\7amode\onedrive\desktop\backup old\bin\win32\release\cheat.tlog\link.command.1.tlog
c:\users\7amode\onedrive\desktop\backup old\bin\win32\release\cheat.tlog\link.read.1.tlog
c:\users\7amode\onedrive\desktop\backup old\bin\win32\release\cheat.tlog\link.write.1.tlog
